0 info it worked if it ends with ok
1 verbose cli [ '/Users/marianocarpentier/.nvm/versions/node/v6.14.1/bin/node',
1 verbose cli   '/Users/marianocarpentier/.nvm/versions/node/v6.14.1/bin/npm',
1 verbose cli   'run-script',
1 verbose cli   'build' ]
2 info using npm@3.10.10
3 info using node@v6.14.1
4 verbose run-script [ 'prebuild', 'build', 'postbuild' ]
5 info lifecycle winterfell@1.1.4~prebuild: winterfell@1.1.4
6 silly lifecycle winterfell@1.1.4~prebuild: no script for prebuild, continuing
7 info lifecycle winterfell@1.1.4~build: winterfell@1.1.4
8 verbose lifecycle winterfell@1.1.4~build: unsafe-perm in lifecycle true
9 verbose lifecycle winterfell@1.1.4~build: PATH: /Users/marianocarpentier/.nvm/versions/node/v6.14.1/lib/node_modules/npm/bin/node-gyp-bin:/Users/marianocarpentier/development/Winterfell/node_modules/.bin:/Users/marianocarpentier/Library/Python/3.6/bin:/Library/Frameworks/Python.framework/Versions/3.6/bin:/Users/marianocarpentier/developmentTools/apache-maven-3.5.2/bin:/Users/marianocarpentier/.nvm/versions/node/v6.14.1/bin:/usr/local/bin:/usr/bin:/bin:/usr/sbin:/sbin:/Library/TeX/texbin
10 verbose lifecycle winterfell@1.1.4~build: CWD: /Users/marianocarpentier/development/Winterfell
11 silly lifecycle winterfell@1.1.4~build: Args: [ '-c',
11 silly lifecycle   'babel --presets=es2015,stage-0,env,react src --out-dir dist && webpack' ]
12 silly lifecycle winterfell@1.1.4~build: Returned: code: 2  signal: null
13 info lifecycle winterfell@1.1.4~build: Failed to exec build script
14 verbose stack Error: winterfell@1.1.4 build: `babel --presets=es2015,stage-0,env,react src --out-dir dist && webpack`
14 verbose stack Exit status 2
14 verbose stack     at EventEmitter.<anonymous> (/Users/marianocarpentier/.nvm/versions/node/v6.14.1/lib/node_modules/npm/lib/utils/lifecycle.js:255:16)
14 verbose stack     at emitTwo (events.js:106:13)
14 verbose stack     at EventEmitter.emit (events.js:191:7)
14 verbose stack     at ChildProcess.<anonymous> (/Users/marianocarpentier/.nvm/versions/node/v6.14.1/lib/node_modules/npm/lib/utils/spawn.js:40:14)
14 verbose stack     at emitTwo (events.js:106:13)
14 verbose stack     at ChildProcess.emit (events.js:191:7)
14 verbose stack     at maybeClose (internal/child_process.js:920:16)
14 verbose stack     at Process.ChildProcess._handle.onexit (internal/child_process.js:230:5)
15 verbose pkgid winterfell@1.1.4
16 verbose cwd /Users/marianocarpentier/development/Winterfell
17 error Darwin 17.5.0
18 error argv "/Users/marianocarpentier/.nvm/versions/node/v6.14.1/bin/node" "/Users/marianocarpentier/.nvm/versions/node/v6.14.1/bin/npm" "run-script" "build"
19 error node v6.14.1
20 error npm  v3.10.10
21 error code ELIFECYCLE
22 error winterfell@1.1.4 build: `babel --presets=es2015,stage-0,env,react src --out-dir dist && webpack`
22 error Exit status 2
23 error Failed at the winterfell@1.1.4 build script 'babel --presets=es2015,stage-0,env,react src --out-dir dist && webpack'.
23 error Make sure you have the latest version of node.js and npm installed.
23 error If you do, this is most likely a problem with the winterfell package,
23 error not with npm itself.
23 error Tell the author that this fails on your system:
23 error     babel --presets=es2015,stage-0,env,react src --out-dir dist && webpack
23 error You can get information on how to open an issue for this project with:
23 error     npm bugs winterfell
23 error Or if that isn't available, you can get their info via:
23 error     npm owner ls winterfell
23 error There is likely additional logging output above.
24 verbose exit [ 1, true ]
